<?xml version="1.0" encoding="UTF-8"?>
<testng-results ignored="0" total="3" passed="3" failed="0" skipped="0">
  <reporter-output>
  </reporter-output>
  <suite started-at="2022-11-30T15:48:07 IST" name="Suite" finished-at="2022-11-30T15:48:31 IST" duration-ms="23428">
    <groups>
    </groups>
    <test started-at="2022-11-30T15:48:07 IST" name="Test" finished-at="2022-11-30T15:48:31 IST" duration-ms="23428">
      <class name="com.intel.AppTest">
        <test-method signature="testlogin1()[pri:0, instance:com.intel.AppTest@60bd273d]" started-at="2022-11-30T15:48:31 IST" name="testlogin1" finished-at="2022-11-30T15:48:31 IST" duration-ms="7" status="PASS">
          <reporter-output>
          </reporter-output>
        </test-method> <!-- testlogin1 -->
        <test-method signature="testlogin2()[pri:0, instance:com.intel.AppTest@60bd273d]" started-at="2022-11-30T15:48:31 IST" name="testlogin2" finished-at="2022-11-30T15:48:31 IST" duration-ms="1" status="PASS">
          <reporter-output>
          </reporter-output>
        </test-method> <!-- testlogin2 -->
      </class> <!-- com.intel.AppTest -->
      <class name="com.intel.TC_Login">
        <test-method signature="login_Test()[pri:0, instance:com.intel.TC_Login@48aca48b]" started-at="2022-11-30T15:48:07 IST" name="login_Test" finished-at="2022-11-30T15:48:31 IST" duration-ms="23375" status="PASS">
          <reporter-output>
          </reporter-output>
        </test-method> <!-- login_Test -->
      </class> <!-- com.intel.TC_Login -->
    </test> <!-- Test -->
  </suite> <!-- Suite -->
</testng-results>
