<?xml version="1.0" encoding="UTF-8"?>
<testng-results ignored="0" total="2" passed="2" failed="0" skipped="0">
  <reporter-output>
  </reporter-output>
  <suite started-at="2022-11-30T15:47:18 IST" name="Surefire suite" finished-at="2022-11-30T15:47:18 IST" duration-ms="82">
    <groups>
    </groups>
    <test started-at="2022-11-30T15:47:18 IST" name="Surefire test" finished-at="2022-11-30T15:47:18 IST" duration-ms="82">
      <class name="com.intel.AppTest">
        <test-method signature="testlogin1()[pri:0, instance:com.intel.AppTest@67080771]" started-at="2022-11-30T15:47:18 IST" name="testlogin1" finished-at="2022-11-30T15:47:18 IST" duration-ms="19" status="PASS">
          <reporter-output>
          </reporter-output>
        </test-method> <!-- testlogin1 -->
        <test-method signature="testlogin2()[pri:0, instance:com.intel.AppTest@67080771]" started-at="2022-11-30T15:47:18 IST" name="testlogin2" finished-at="2022-11-30T15:47:18 IST" duration-ms="1" status="PASS">
          <reporter-output>
          </reporter-output>
        </test-method> <!-- testlogin2 -->
      </class> <!-- com.intel.AppTest -->
    </test> <!-- Surefire test -->
  </suite> <!-- Surefire suite -->
</testng-results>
