<?xml version="1.0" encoding="UTF-8"?>
<!-- Generated by org.testng.reporters.JUnitXMLReporter -->
<testsuite ignored="0" hostname="LAPTOP-LV0FJM8T" failures="0" tests="3" name="Test" time="23.428" errors="0" timestamp="2022-11-30T15:48:31 IST">
  <testcase classname="com.intel.TC_Login" name="login_Test" time="23.375"/>
  <testcase classname="com.intel.AppTest" name="testlogin1" time="0.007"/>
  <testcase classname="com.intel.AppTest" name="testlogin2" time="0.001"/>
</testsuite> <!-- Test -->
